SOPAndroid4Test/proguard.cfg
-optimizationpasses 5
-dontusemixedcaseclassnames
-dontskipnonpubliclibraryclasses
-dontpreverify
-verbose
-optimizations !code/simplification/arithmetic,!field/*,!class/merging/*



-keepclasseswithmembernames class * {
    native <methods>;
}

-keepclasseswithmembers class * {
    public <init>(android.content.Context, android.util.AttributeSet);
}

-keepclasseswithmembers class * {
    public <init>(android.content.Context, android.util.AttributeSet, int);
}

-keepclassmembers class * extends android.app.Activity {
   public void *(android.view.View);
}

-keepclassmembers enum * {
    public static **[] values();
    public static ** valueOf(java.lang.String);
}

-keep class * implements android.os.Parcelable {
  public static final android.os.Parcelable$Creator *;
}
 
-libraryjars lib/activation.jar
-libraryjars lib/additionnal.jar
-libraryjars lib/ksoap2-android-assembly-2.5.2-jar-with-dependencies.jar
-libraryjars lib/pinyin4j-2.5.0.jar
 
-dontwarn demo.*
-dontwarn org.apache.harmony.awt.datatransfer.*
-dontwarn com.sun.mail.imap.protocol.*
-dontwarn javax.activation.*
-dontwarn org.apache.harmony.awt.*