SOPAndroid4Test/proguard/seeds.txt
com.mobilercn.sop.SOPAndroidActivity
com.mobilercn.sop.SOPAndroidActivity: SOPAndroidActivity()
com.mobilercn.sop.activity.D2EAddCheckActivity
com.mobilercn.sop.activity.D2EAddCheckActivity: D2EAddCheckActivity()
com.mobilercn.sop.activity.D2EAddLocationActivity
com.mobilercn.sop.activity.D2EAddLocationActivity: D2EAddLocationActivity()
com.mobilercn.sop.activity.D2ECheckEquipsActivity
com.mobilercn.sop.activity.D2ECheckEquipsActivity: D2ECheckEquipsActivity()
com.mobilercn.sop.activity.D2ECheckListActivity
com.mobilercn.sop.activity.D2ECheckListActivity: D2ECheckListActivity()
com.mobilercn.sop.activity.D2ECockRoachWatchActivity
com.mobilercn.sop.activity.D2ECockRoachWatchActivity: D2ECockRoachWatchActivity()
com.mobilercn.sop.activity.D2ECommentActivity
com.mobilercn.sop.activity.D2ECommentActivity: D2ECommentActivity()
com.mobilercn.sop.activity.D2ECustomerActivity
com.mobilercn.sop.activity.D2ECustomerActivity: D2ECustomerActivity()
com.mobilercn.sop.activity.D2ECustomerListActivity
com.mobilercn.sop.activity.D2ECustomerListActivity: D2ECustomerListActivity()
com.mobilercn.sop.activity.D2EDeviceListActivity
com.mobilercn.sop.activity.D2EDeviceListActivity: D2EDeviceListActivity()
com.mobilercn.sop.activity.D2EDocumentListActivity
com.mobilercn.sop.activity.D2EDocumentListActivity: D2EDocumentListActivity()
com.mobilercn.sop.activity.D2EFlyInsectWatchActivity
com.mobilercn.sop.activity.D2EFlyInsectWatchActivity: D2EFlyInsectWatchActivity()
com.mobilercn.sop.activity.D2EHelpActivity
com.mobilercn.sop.activity.D2EHelpActivity: D2EHelpActivity()
com.mobilercn.sop.activity.D2ELoginActivity
com.mobilercn.sop.activity.D2ELoginActivity: D2ELoginActivity()
com.mobilercn.sop.activity.D2EMainScreen
com.mobilercn.sop.activity.D2EMainScreen: D2EMainScreen()
com.mobilercn.sop.activity.D2EMessageActivity
com.mobilercn.sop.activity.D2EMessageActivity: D2EMessageActivity()
com.mobilercn.sop.activity.D2EMouseWatchActivity
com.mobilercn.sop.activity.D2EMouseWatchActivity: D2EMouseWatchActivity()
com.mobilercn.sop.activity.D2ENewCheckPointActivity
com.mobilercn.sop.activity.D2ENewCheckPointActivity: D2ENewCheckPointActivity()
com.mobilercn.sop.activity.D2ENowPlaceDateCollectActivity
com.mobilercn.sop.activity.D2ENowPlaceDateCollectActivity: D2ENowPlaceDateCollectActivity()
com.mobilercn.sop.activity.D2EReportActivity
com.mobilercn.sop.activity.D2EReportActivity: D2EReportActivity()
com.mobilercn.sop.activity.D2EReportDetailActivity
com.mobilercn.sop.activity.D2EReportDetailActivity: D2EReportDetailActivity()
com.mobilercn.sop.activity.D2EReportViewActivity
com.mobilercn.sop.activity.D2EReportViewActivity: D2EReportViewActivity()
com.mobilercn.sop.activity.D2ESOPActivity
com.mobilercn.sop.activity.D2ESOPActivity: D2ESOPActivity()
com.mobilercn.sop.activity.D2EWorksheetActivity
com.mobilercn.sop.activity.D2EWorksheetActivity: D2EWorksheetActivity()
com.mobilercn.sop.activity.D2EWorksheetList
com.mobilercn.sop.activity.D2EWorksheetList: D2EWorksheetList()
com.mobilercn.sop.activity.view.D2EViewFlipper
com.mobilercn.sop.activity.view.D2EViewFlipper: D2EViewFlipper(android.content.Context,android.util.AttributeSet)
com.mobilercn.sop.activity.view.WTMonthView
com.mobilercn.sop.activity.view.WTMonthView: WTMonthView(android.content.Context)
com.mobilercn.sop.activity.view.WTMonthView: WTMonthView(android.content.Context,android.util.AttributeSet)
com.mobilercn.sop.bt.SOPBluetoothService
com.mobilercn.sop.bt.SOPBluetoothService: SOPBluetoothService()
...
com.mobilercn.base.BadgeView
com.mobilercn.base.BadgeView: BadgeView(android.content.Context)
com.mobilercn.base.BadgeView: BadgeView(android.content.Context,android.util.AttributeSet)
com.mobilercn.base.BadgeView: BadgeView(android.content.Context,android.view.View)
com.mobilercn.base.BadgeView: BadgeView(android.content.Context,android.widget.TabWidget,int)
com.mobilercn.base.BadgeView: BadgeView(android.content.Context,android.util.AttributeSet,int)
com.mobilercn.base.BadgeView: BadgeView(android.content.Context,android.util.AttributeSet,int,android.view.View,int)
com.mobilercn.base.JJBaseActivity: JJBaseActivity()
com.mobilercn.base.JJBaseApplication
com.mobilercn.base.JJBaseApplication: JJBaseApplication()
com.mobilercn.widget.MarqueeTextView
com.mobilercn.widget.MarqueeTextView: MarqueeTextView(android.content.Context)
com.mobilercn.widget.MarqueeTextView: MarqueeTextView(android.content.Context,android.util.AttributeSet,int)
com.mobilercn.widget.MarqueeTextView: MarqueeTextView(android.content.Context,android.util.AttributeSet)
com.mobilercn.widget.PullToRefreshListView
com.mobilercn.widget.PullToRefreshListView: PullToRefreshListView(android.content.Context)
com.mobilercn.widget.PullToRefreshListView: PullToRefreshListView(android.content.Context,android.util.AttributeSet)
com.mobilercn.widget.PullToRefreshListView: PullToRefreshListView(android.content.Context,android.util.AttributeSet,int)
com.mobilercn.widget.YTEditText
com.mobilercn.widget.YTEditText: YTEditText(android.content.Context)
com.mobilercn.widget.YTEditText: YTEditText(android.content.Context,android.util.AttributeSet)
com.mobilercn.widget.YTEditText: YTEditText(android.content.Context,android.util.AttributeSet,int)
com.mobilercn.widget.YTReportView
com.mobilercn.widget.YTReportView: YTReportView(android.content.Context)
com.mobilercn.widget.YTReportView: YTReportView(android.content.Context,android.util.AttributeSet)
com.mobilercn.widget.YTReportView: YTReportView(android.content.Context,android.util.AttributeSet,int)