SOPAndroid4Test/proguard/mapping.txt
com.mobilercn.sop.SOPAndroidActivity -> com.mobilercn.sop.SOPAndroidActivity:
    boolean g_testBt -> b
    void onResume() -> onResume
    void onCreate(android.os.Bundle) -> onCreate
    void onActivityResult(int,int,android.content.Intent) -> onActivityResult
    void initServices() -> h
    void enterMainActivity() -> i
    boolean onKeyDown(int,android.view.KeyEvent) -> onKeyDown
    void backAciton() -> e
    boolean isExit() -> f
    void taskSuccess(java.lang.Object[]) -> a
    void taskFailed(java.lang.Object[]) -> b
    void access$0(com.mobilercn.sop.SOPAndroidActivity) -> a
com.mobilercn.sop.SOPAndroidActivity$1 -> com.mobilercn.sop.a:
    com.mobilercn.sop.SOPAndroidActivity this$0 -> a
    void onAnimationStart(android.view.animation.Animation) -> onAnimationStart
    void onAnimationRepeat(android.view.animation.Animation) -> onAnimationRepeat
    void onAnimationEnd(android.view.animation.Animation) -> onAnimationEnd
com.mobilercn.sop.activity.D2EAddCheckActivity -> com.mobilercn.sop.activity.D2EAddCheckActivity:
    int mOPType -> c
    com.mobilercn.sop.data.TagItem mDelItem -> d
    com.mobilercn.sop.data.TagsAdapter mTagsAdapter -> e
    android.widget.GridView mGridView -> f
    java.lang.String mCustom -> g
    java.lang.String mCustomID -> h
    java.lang.String mPosition -> i
    java.lang.String mLocationID -> j
    int mType -> k
    boolean mDelete -> l
    com.mobilercn.base.BadgeView mBadgeView -> m
    java.lang.String locationID -> b
    void onCreate(android.os.Bundle) -> onCreate
    void onActivityResult(int,int,android.content.Intent) -> onActivityResult
    boolean onMenuItemSelected(int,android.view.MenuItem) -> onMenuItemSelected
    boolean onPrepareOptionsMenu(android.view.Menu) -> onPrepareOptionsMenu
    void backAciton() -> e
    boolean isExit() -> f
    void taskSuccess(java.lang.Object[]) -> a
    void taskFailed(java.lang.Object[]) -> b
    com.mobilercn.sop.data.TagsAdapter access$0(com.mobilercn.sop.activity.D2EAddCheckActivity) -> a
    void access$1(com.mobilercn.sop.activity.D2EAddCheckActivity,com.mobilercn.sop.data.TagItem) -> a
    boolean access$2(com.mobilercn.sop.activity.D2EAddCheckActivity) -> b
    void access$3(com.mobilercn.sop.activity.D2EAddCheckActivity,boolean) -> a
    void access$4(com.mobilercn.sop.activity.D2EAddCheckActivity,int) -> a
com.mobilercn.sop.activity.D2EAddCheckActivity$1 -> com.mobilercn.sop.activity.a:
    com.mobilercn.sop.activity.D2EAddCheckActivity this$0 -> a
    boolean onItemLongClick(android.widget.AdapterView,android.view.View,int,long) -> onItemLongClick
com.mobilercn.sop.activity.D2EAddCheckActivity$2 -> com.mobilercn.sop.activity.b:
    com.mobilercn.sop.activity.D2EAddCheckActivity this$0 -> a
    void onItemClick(android.widget.AdapterView,android.view.View,int,long) -> onItemClick
    com.mobilercn.sop.activity.D2EAddCheckActivity access$0(com.mobilercn.sop.activity.D2EAddCheckActivity$2) -> a
com.mobilercn.sop.activity.D2EAddCheckActivity$2$1 -> com.mobilercn.sop.activity.c:
    com.mobilercn.sop.activity.D2EAddCheckActivity$2 this$1 -> a
    void onClick(android.content.DialogInterface,int) -> onClick
com.mobilercn.sop.activity.D2EAddCheckActivity$2$2 -> com.mobilercn.sop.activity.d:
    com.mobilercn.sop.activity.D2EAddCheckActivity$2 this$1 -> a
    void onClick(android.content.DialogInterface,int) -> onClick
com.mobilercn.sop.activity.D2EAddCheckActivity$3 -> com.mobilercn.sop.activity.e:
    com.mobilercn.sop.activity.D2EAddCheckActivity this$0 -> a
    void onClick(android.content.DialogInterface,int) -> onClick
com.mobilercn.sop.activity.D2EAddCheckActivity$4 -> com.mobilercn.sop.activity.f:
    com.mobilercn.sop.activity.D2EAddCheckActivity this$0 -> a
    void onClick(android.content.DialogInterface,int) -> onClick
...
com.mobilercn.base.BadgeView -> com.mobilercn.base.BadgeView:
    int DEFAULT_BADGE_COLOR -> a
    android.view.animation.Animation fadeIn -> b
    android.view.animation.Animation fadeOut -> c
    android.content.Context context -> d
    android.view.View target -> e
    int badgePosition -> f
    int badgeMarginH -> g
    int badgeMarginV -> h
    int badgeColor -> i
    boolean isShown -> j
    android.graphics.drawable.ShapeDrawable badgeBg -> k
    int targetTabIndex -> l
    void show() -> a
    boolean isShown() -> isShown
    void setBadgePosition$13462e() -> b
    int dipToPixels(int) -> a
com.mobilercn.base.JJBaseActivity -> com.mobilercn.base.a:
    android.app.ProgressDialog mProgressDialog -> b
    long mCurTaskID -> c
    boolean mShowProgressView -> d
    android.widget.PopupWindow mPopupWindow -> e
    int mWaitViewType -> f
    android.os.Handler myHandler -> a
    void onCreate(android.os.Bundle) -> onCreate
    void showWaitDialog(java.lang.String) -> a
    void dismissWaitDialog() -> a
    void cancelProcess() -> h
    void showProcessDialog(java.lang.String) -> b
    void dismissProcessDialog() -> b
    void setCurTaskID(long) -> a
    void onStart() -> onStart
    void onDestroy() -> onDestroy
    boolean onCreateOptionsMenu(android.view.Menu) -> onCreateOptionsMenu
    boolean onOptionsItemSelected(android.view.MenuItem) -> onOptionsItemSelected
    boolean onKeyDown(int,android.view.KeyEvent) -> onKeyDown
    void alertExit() -> c
    com.mobilercn.base.JJBaseApplication getBaseApplication() -> d
    void backAciton() -> e
    boolean isExit() -> f
    void taskSuccess(java.lang.Object[]) -> a
    void taskFailed(java.lang.Object[]) -> b
    void onResume() -> onResume
    void btStateChange() -> g
    void access$0(com.mobilercn.base.JJBaseActivity) -> a
com.mobilercn.base.JJBaseActivity$1 -> com.mobilercn.base.b:
    com.mobilercn.base.JJBaseActivity this$0 -> a
    void handleMessage(android.os.Message) -> handleMessage
com.mobilercn.base.JJBaseActivity$2 -> com.mobilercn.base.c:
    com.mobilercn.base.JJBaseActivity this$0 -> a
    boolean onKey(android.content.DialogInterface,int,android.view.KeyEvent) -> onKey
com.mobilercn.base.JJBaseActivity$3 -> com.mobilercn.base.d:
    com.mobilercn.base.JJBaseActivity this$0 -> a
    android.graphics.drawable.AnimationDrawable val$mAnimationDrawable -> b
    void run() -> run
com.mobilercn.base.JJBaseActivity$5 -> com.mobilercn.base.e:
    com.mobilercn.base.JJBaseActivity this$0 -> a
    void onClick(android.content.DialogInterface,int) -> onClick