SOPAndroid4Test/proguard/usage.txt
com.mobilercn.sop.BuildConfig
com.mobilercn.sop.R
com.mobilercn.sop.R$anim
com.mobilercn.sop.R$array
com.mobilercn.sop.R$attr
com.mobilercn.sop.R$color
com.mobilercn.sop.R$drawable
com.mobilercn.sop.R$id
com.mobilercn.sop.R$layout
com.mobilercn.sop.R$menu
com.mobilercn.sop.R$string
com.mobilercn.sop.R$style
com.mobilercn.sop.SOPAndroidActivity:
    private static final java.lang.String TAG
    230:230:public varargs void taskProcessing(java.lang.Object[])
com.mobilercn.sop.activity.D2EAddCheckActivity:
    public static final int OP_DEL_BY_POINT_CARD
    public static final int OP_DEL_BY_USER_CARD
    private static final int OP_DEL
    private static final int OP_NORMAL
    271:271:public com.mobilercn.sop.data.TagsAdapter getTagsAdapter()
    895:895:public varargs void taskProcessing(java.lang.Object[])
com.mobilercn.sop.activity.D2EAddLocationActivity:
    private static final int OP_DEL
    private static final int OP_NORMAL
    public static final int OP_DEL_BY_LOCATION_CARD
    public static final int OP_DEL_BY_USER_CARD
    public static final java.lang.String CSID
    public static final java.lang.String CSNAME
    1012:1012:public varargs void taskProcessing(java.lang.Object[])
com.mobilercn.sop.activity.D2ECheckEquipsActivity:
    android.widget.Button btnyes
    android.widget.TextView nub
    1422:1422:public varargs void taskProcessing(java.lang.Object[])
com.mobilercn.sop.activity.D2ECheckListActivity:
    private com.mobilercn.sop.data.TagItem newItem
    private java.lang.String mCustom
    private java.lang.String mPosition
    private java.lang.String mPositionId
    1087:1087:public varargs void taskProcessing(java.lang.Object[])
com.mobilercn.sop.activity.D2ECockRoachWatchActivity:
    2210:2210:public varargs void taskProcessing(java.lang.Object[])
com.mobilercn.sop.activity.D2ECockRoachWatchActivity$AtCockRoachWatchKindListener
com.mobilercn.sop.activity.D2ECockRoachWatchActivity$AtCockRoachWatchKindListener$1
com.mobilercn.sop.activity.D2ECockRoachWatchActivity$AtCockRoachWatchKindListener$2
com.mobilercn.sop.activity.D2ECommentActivity:
    380:380:public varargs void taskProcessing(java.lang.Object[])
com.mobilercn.sop.activity.D2ECustomerActivity:
    public static final int TYPE_SOP
    public static final int TYPE_WORKSHEET
    public static final java.lang.String PAGE_TYPE
    574:574:public varargs void taskProcessing(java.lang.Object[])
com.mobilercn.sop.activity.D2ECustomerListActivity:
    357:357:public varargs void taskProcessing(java.lang.Object[])
com.mobilercn.sop.activity.D2EDeviceListActivity:
    235:235:public varargs void taskProcessing(java.lang.Object[])
com.mobilercn.sop.activity.D2EDocumentListActivity:
    384:384:public varargs void taskProcessing(java.lang.Object[])
com.mobilercn.sop.activity.D2EDocumentListActivity$D2ETxtAdapter:
    133:134:public void addObject(java.lang.String,java.lang.String,java.lang.String)
com.mobilercn.sop.activity.D2EDocumentListActivity$D2ETxtAdapter$ViewHolder:
    android.widget.ImageView imageView
com.mobilercn.sop.activity.D2EDocumentListActivity$TextItem:
    74:75:public void setSize(java.lang.String)
    78:78:public java.lang.String getSize()
    82:82:public java.lang.String getDate()
    86:86:public java.lang.String getTitle()
    94:94:public boolean isRead()
    98:99:public void setRead(boolean)
    102:107:public void setRead(java.lang.String)
    110:111:public void setDate(java.lang.String)
    114:115:public void setID(java.lang.String)
    118:118:public java.lang.String getID()
com.mobilercn.sop.activity.D2EFlyInsectWatchActivity:
    2087:2087:public varargs void taskProcessing(java.lang.Object[])
com.mobilercn.sop.activity.D2EFlyInsectWatchActivity$AtFlyInsectWatchKindListener
com.mobilercn.sop.activity.D2EFlyInsectWatchActivity$AtFlyInsectWatchKindListener$1
com.mobilercn.sop.activity.D2EFlyInsectWatchActivity$AtFlyInsectWatchKindListener$2
...
com.hp.hpl.sparta.xpath.TextEqualsExpr
com.hp.hpl.sparta.xpath.TextExistsExpr
com.hp.hpl.sparta.xpath.TextNotEqualsExpr
com.hp.hpl.sparta.xpath.TextTest
com.hp.hpl.sparta.xpath.ThisNodeTest
com.hp.hpl.sparta.xpath.TrueExpr
com.hp.hpl.sparta.xpath.Visitor
com.hp.hpl.sparta.xpath.XPath
com.hp.hpl.sparta.xpath.XPathException
com.mobilercn.base.BadgeView:
    public static final int POSITION_TOP_LEFT
    public static final int POSITION_TOP_RIGHT
    public static final int POSITION_BOTTOM_LEFT
    public static final int POSITION_BOTTOM_RIGHT
    public static final int POSITION_CENTER
    private static final int DEFAULT_MARGIN_DIP
    private static final int DEFAULT_LR_PADDING_DIP
    private static final int DEFAULT_CORNER_RADIUS_DIP
    private static final int DEFAULT_POSITION
    private static final int DEFAULT_TEXT_COLOR
    192:193:public void show(boolean)
    201:202:public void show(android.view.animation.Animation)
    209:210:public void hide()
    218:219:public void hide(boolean)
    227:228:public void hide(android.view.animation.Animation)
    235:236:public void toggle()
    244:245:public void toggle(boolean)
    254:255:public void toggle(android.view.animation.Animation,android.view.animation.Animation)
    274:279:private void hide(boolean,android.view.animation.Animation)
    282:287:private void toggle(boolean,android.view.animation.Animation,android.view.animation.Animation)
    296:309:public int increment(int)
    319:319:public int decrement(int)
    373:373:public android.view.View getTarget()
    392:392:public int getBadgePosition()
    410:410:public int getHorizontalBadgeMargin()
    418:418:public int getVerticalBadgeMargin()
    427:429:public void setBadgeMargin(int)
    438:440:public void setBadgeMargin(int,int)
com.mobilercn.base.JJBaseActivity:
    public static final int TYPE_BT
    public static final int TYPE_HTTP
    public static final long TASK_CANCEL
    160:185:protected void setMenuBackground()
    192:192:public synchronized long getCurTaskID()
    public varargs abstract void taskProcessing(java.lang.Object[])
com.mobilercn.base.JJBaseActivity$4
com.mobilercn.base.JJBaseActivity$4$1
com.mobilercn.base.JJBaseApplication:
    private static final java.lang.String TAG
    public static final int WIFI_ENABLED
    public static final int GPRS_ENABLED
    public static final int NO_ENABLED
    236:248:public static boolean isContainWokr(com.mobilercn.sop.activity.D2EWorksheetList$WorkSheetItem)
    350:356:public void showMessageDialog(java.lang.String)
com.mobilercn.base.JJBaseConstant
com.mobilercn.base.JJBaseService:
    public static final java.lang.String BOUNDARY
    public static final int HTTP_SERVICE_INT
    public static final int BT_SERVICE_INT
    77:88:public static long addHttpTask(java.lang.String,java.lang.String,java.lang.String,int)
    108:119:public static long addWebServiceTask(java.lang.String,java.lang.String,java.lang.String,java.lang.String,java.util.Hashtable,java.lang.String,int)